2025-01-10T18:55:39.130-05:00  INFO 29168 --- [products-api] [main] c.v.p.ProductsApiApplicationTests        : Starting ProductsApiApplicationTests using Java 23.0.1 with PID 29168 (started by Inmyo in G:\Github\new\products-api)
2025-01-10T18:55:39.132-05:00  INFO 29168 --- [products-api] [main] c.v.p.ProductsApiApplicationTests        : No active profile set, falling back to 1 default profile: "default"
2025-01-10T18:55:40.316-05:00  INFO 29168 --- [products-api] [main] .s.d.r.c.RepositoryConfigurationDelegate : Bootstrapping Spring Data JPA repositories in DEFAULT mode.
2025-01-10T18:55:40.395-05:00  INFO 29168 --- [products-api] [main] .s.d.r.c.RepositoryConfigurationDelegate : Finished Spring Data repository scanning in 63 ms. Found 1 JPA repository interface.
2025-01-10T18:55:41.251-05:00  INFO 29168 --- [products-api] [main] o.hibernate.jpa.internal.util.LogHelper  : HHH000204: Processing PersistenceUnitInfo [name: default]
2025-01-10T18:55:41.342-05:00  INFO 29168 --- [products-api] [main] org.hibernate.Version                    : HHH000412: Hibernate ORM core version 6.6.2.Final
2025-01-10T18:55:41.404-05:00  INFO 29168 --- [products-api] [main] o.h.c.internal.RegionFactoryInitiator    : HHH000026: Second-level cache disabled
2025-01-10T18:55:41.812-05:00  INFO 29168 --- [products-api] [main] o.s.o.j.p.SpringPersistenceUnitInfo      : No LoadTimeWeaver setup: ignoring JPA class transformer
2025-01-10T18:55:41.845-05:00  INFO 29168 --- [products-api] [main] com.zaxxer.hikari.HikariDataSource       : HikariPool-1 - Starting...
2025-01-10T18:55:42.067-05:00  INFO 29168 --- [products-api] [main] com.zaxxer.hikari.pool.HikariPool        : HikariPool-1 - Added connection conn0: url=jdbc:h2:file:./productsapi user=ADMIN
2025-01-10T18:55:42.069-05:00  INFO 29168 --- [products-api] [main] com.zaxxer.hikari.HikariDataSource       : HikariPool-1 - Start completed.
2025-01-10T18:55:42.127-05:00  INFO 29168 --- [products-api] [main] org.hibernate.orm.connections.pooling    : HHH10001005: Database info:
	Database JDBC URL [Connecting through datasource 'HikariDataSource (HikariPool-1)']
	Database driver: undefined/unknown
	Database version: 2.3.232
	Autocommit mode: undefined/unknown
	Isolation level: undefined/unknown
	Minimum pool size: undefined/unknown
	Maximum pool size: undefined/unknown
2025-01-10T18:55:43.013-05:00  INFO 29168 --- [products-api] [main] o.h.e.t.j.p.i.JtaPlatformInitiator       : HHH000489: No JTA platform available (set 'hibernate.transaction.jta.platform' to enable JTA platform integration)
2025-01-10T18:55:43.060-05:00  INFO 29168 --- [products-api] [main] j.LocalContainerEntityManagerFactoryBean : Initialized JPA EntityManagerFactory for persistence unit 'default'
2025-01-10T18:55:44.165-05:00  WARN 29168 --- [products-api] [main] JpaBaseConfiguration$JpaWebConfiguration : spring.jpa.open-in-view is enabled by default. Therefore, database queries may be performed during view rendering. Explicitly configure spring.jpa.open-in-view to disable this warning
2025-01-10T18:55:45.634-05:00  INFO 29168 --- [products-api] [main] o.s.b.a.h2.H2ConsoleAutoConfiguration    : H2 console available at '/h2-console'. Database available at 'jdbc:h2:file:./productsapi'
2025-01-10T18:55:45.710-05:00  INFO 29168 --- [products-api] [main] o.s.b.a.e.web.EndpointLinksResolver      : Exposing 1 endpoint beneath base path '/actuator'
2025-01-10T18:55:45.852-05:00  INFO 29168 --- [products-api] [main] c.v.p.ProductsApiApplicationTests        : Started ProductsApiApplicationTests in 7.094 seconds (process running for 8.268)
2025-01-10T18:55:46.510-05:00  INFO 29168 --- [products-api] [SpringApplicationShutdownHook] j.LocalContainerEntityManagerFactoryBean : Closing JPA EntityManagerFactory for persistence unit 'default'
2025-01-10T18:55:46.513-05:00  INFO 29168 --- [products-api] [SpringApplicationShutdownHook] com.zaxxer.hikari.HikariDataSource       : HikariPool-1 - Shutdown initiated...
2025-01-10T18:55:46.518-05:00  INFO 29168 --- [products-api] [SpringApplicationShutdownHook] com.zaxxer.hikari.HikariDataSource       : HikariPool-1 - Shutdown completed.
